<?xml version="1.0" encoding="UTF-8"?>
<coverage generated="1501836496754" clover="3.2.0">
  <project timestamp="1501836496755" name="All files">
    <metrics statements="23" coveredstatements="17" conditionals="8" coveredconditionals="3" methods="10" coveredmethods="8" elements="41" coveredelements="28" complexity="0" loc="23" ncloc="23" packages="3" files="3" classes="3">
      <package name="src">
        <metrics statements="5" coveredstatements="0" conditionals="4" coveredconditionals="0" methods="1" coveredmethods="0"/>
        <file name="index.js" path="/Users/suhailansari/Workspace/NodeJS/afs/frontend/src/index.js">
          <metrics statements="5" coveredstatements="0" conditionals="4" coveredconditionals="0" methods="1" coveredmethods="0"/>
          <line num="1" count="0" type="stmt"/>
          <line num="2" count="0" type="stmt"/>
          <line num="3" count="0" type="stmt"/>
          <line num="5" count="0" type="cond" truecount="0" falsecount="4"/>
          <line num="7" count="0" type="stmt"/>
        </file>
      </package>
      <package name="src.App">
        <metrics statements="16" coveredstatements="15" conditionals="4" coveredconditionals="3" methods="8" coveredmethods="7"/>
        <file name="index.js" path="/Users/suhailansari/Workspace/NodeJS/afs/frontend/src/App/index.js">
          <metrics statements="16" coveredstatements="15" conditionals="4" coveredconditionals="3" methods="8" coveredmethods="7"/>
          <line num="8" count="1" type="stmt"/>
          <line num="10" count="1" type="stmt"/>
          <line num="17" count="1" type="stmt"/>
          <line num="21" count="1" type="stmt"/>
          <line num="22" count="1" type="stmt"/>
          <line num="23" count="1" type="stmt"/>
          <line num="24" count="1" type="stmt"/>
          <line num="26" count="1" type="stmt"/>
          <line num="30" count="1" type="stmt"/>
          <line num="31" count="1" type="stmt"/>
          <line num="37" count="0" type="stmt"/>
          <line num="47" count="1" type="stmt"/>
          <line num="54" count="1" type="stmt"/>
          <line num="61" count="2" type="cond" truecount="3" falsecount="1"/>
          <line num="62" count="2" type="stmt"/>
          <line num="67" count="3" type="stmt"/>
        </file>
      </package>
      <package name="src.MessageInput">
        <metrics statements="2" coveredstatements="2" conditionals="0" coveredconditionals="0" methods="1" coveredmethods="1"/>
        <file name="index.js" path="/Users/suhailansari/Workspace/NodeJS/afs/frontend/src/MessageInput/index.js">
          <metrics statements="2" coveredstatements="2" conditionals="0" coveredconditionals="0" methods="1" coveredmethods="1"/>
          <line num="6" count="4" type="stmt"/>
          <line num="18" count="2" type="stmt"/>
        </file>
      </package>
    </metrics>
  </project>
</coverage>
