{"/Users/suhailansari/Workspace/NodeJS/afs/frontend/src/index.js": {"path":"/Users/suhailansari/Workspace/NodeJS/afs/frontend/src/index.js","statementMap":{"0":{"start":{"line":1,"column":26},"end":{"line":1,"column":42}},"1":{"start":{"line":1,"column":57},"end":{"line":1,"column":87}},"2":{"start":{"line":2,"column":16},"end":{"line":2,"column":36}},"3":{"start":{"line":2,"column":54},"end":{"line":2,"column":87}},"4":{"start":{"line":3,"column":11},"end":{"line":3,"column":27}},"5":{"start":{"line":3,"column":40},"end":{"line":3,"column":68}},"6":{"start":{"line":5,"column":0},"end":{"line":5,"column":48}},"7":{"start":{"line":5,"column":86},"end":{"line":5,"column":140}},"8":{"start":{"line":7,"column":0},"end":{"line":7,"column":111}}},"fnMap":{"0":{"name":"_interopRequireDefault","decl":{"start":{"line":5,"column":57},"end":{"line":5,"column":79}},"loc":{"start":{"line":5,"column":85},"end":{"line":5,"column":141}},"line":5}},"branchMap":{"0":{"loc":{"start":{"line":5,"column":93},"end":{"line":5,"column":139}},"type":"cond-expr","locations":[{"start":{"line":5,"column":117},"end":{"line":5,"column":120}},{"start":{"line":5,"column":123},"end":{"line":5,"column":139}}],"line":5},"1":{"loc":{"start":{"line":5,"column":93},"end":{"line":5,"column":114}},"type":"binary-expr","locations":[{"start":{"line":5,"column":93},"end":{"line":5,"column":96}},{"start":{"line":5,"column":100},"end":{"line":5,"column":114}}],"line":5}},"s":{"0":0,"1":0,"2":0,"3":0,"4":0,"5":0,"6":0,"7":0,"8":0},"f":{"0":0},"b":{"0":[0,0],"1":[0,0]}}
,"/Users/suhailansari/Workspace/NodeJS/afs/frontend/src/App/index.js": {"path":"/Users/suhailansari/Workspace/NodeJS/afs/frontend/src/App/index.js","statementMap":{"0":{"start":{"line":8,"column":4},"end":{"line":8,"column":12}},"1":{"start":{"line":10,"column":4},"end":{"line":15,"column":6}},"2":{"start":{"line":17,"column":4},"end":{"line":20,"column":6}},"3":{"start":{"line":21,"column":4},"end":{"line":21,"column":51}},"4":{"start":{"line":22,"column":4},"end":{"line":22,"column":49}},"5":{"start":{"line":23,"column":4},"end":{"line":23,"column":59}},"6":{"start":{"line":24,"column":4},"end":{"line":24,"column":53}},"7":{"start":{"line":26,"column":4},"end":{"line":26,"column":23}},"8":{"start":{"line":30,"column":4},"end":{"line":33,"column":32}},"9":{"start":{"line":31,"column":19},"end":{"line":31,"column":29}},"10":{"start":{"line":37,"column":4},"end":{"line":43,"column":7}},"11":{"start":{"line":47,"column":4},"end":{"line":50,"column":7}},"12":{"start":{"line":54,"column":4},"end":{"line":57,"column":7}},"13":{"start":{"line":61,"column":4},"end":{"line":63,"column":5}},"14":{"start":{"line":62,"column":6},"end":{"line":62,"column":30}},"15":{"start":{"line":67,"column":4},"end":{"line":73,"column":6}}},"fnMap":{"0":{"name":"(anonymous_0)","decl":{"start":{"line":7,"column":2},"end":{"line":7,"column":3}},"loc":{"start":{"line":7,"column":16},"end":{"line":27,"column":3}},"line":7},"1":{"name":"(anonymous_1)","decl":{"start":{"line":29,"column":2},"end":{"line":29,"column":3}},"loc":{"start":{"line":29,"column":16},"end":{"line":34,"column":3}},"line":29},"2":{"name":"(anonymous_2)","decl":{"start":{"line":31,"column":12},"end":{"line":31,"column":13}},"loc":{"start":{"line":31,"column":19},"end":{"line":31,"column":29}},"line":31},"3":{"name":"(anonymous_3)","decl":{"start":{"line":36,"column":2},"end":{"line":36,"column":3}},"loc":{"start":{"line":36,"column":24},"end":{"line":44,"column":3}},"line":36},"4":{"name":"(anonymous_4)","decl":{"start":{"line":46,"column":2},"end":{"line":46,"column":3}},"loc":{"start":{"line":46,"column":20},"end":{"line":51,"column":3}},"line":46},"5":{"name":"(anonymous_5)","decl":{"start":{"line":53,"column":2},"end":{"line":53,"column":3}},"loc":{"start":{"line":53,"column":25},"end":{"line":58,"column":3}},"line":53},"6":{"name":"(anonymous_6)","decl":{"start":{"line":60,"column":2},"end":{"line":60,"column":3}},"loc":{"start":{"line":60,"column":23},"end":{"line":64,"column":3}},"line":60},"7":{"name":"(anonymous_7)","decl":{"start":{"line":66,"column":2},"end":{"line":66,"column":3}},"loc":{"start":{"line":66,"column":11},"end":{"line":74,"column":3}},"line":66}},"branchMap":{"0":{"loc":{"start":{"line":61,"column":4},"end":{"line":63,"column":5}},"type":"if","locations":[{"start":{"line":61,"column":4},"end":{"line":63,"column":5}},{"start":{"line":61,"column":4},"end":{"line":63,"column":5}}],"line":61},"1":{"loc":{"start":{"line":61,"column":8},"end":{"line":61,"column":48}},"type":"binary-expr","locations":[{"start":{"line":61,"column":8},"end":{"line":61,"column":22}},{"start":{"line":61,"column":26},"end":{"line":61,"column":48}}],"line":61}},"s":{"0":1,"1":1,"2":1,"3":1,"4":1,"5":1,"6":1,"7":1,"8":1,"9":1,"10":0,"11":1,"12":1,"13":2,"14":2,"15":3},"f":{"0":1,"1":1,"2":1,"3":0,"4":1,"5":1,"6":2,"7":3},"b":{"0":[2,0],"1":[2,2]},"_coverageSchema":"332fd63041d2c1bcb487cc26dd0d5f7d97098a6c","hash":"fd8c7ee6440cba9edff25fd6855d5b99fc6838fb"}
,"/Users/suhailansari/Workspace/NodeJS/afs/frontend/src/MessageInput/index.js": {"path":"/Users/suhailansari/Workspace/NodeJS/afs/frontend/src/MessageInput/index.js","statementMap":{"0":{"start":{"line":6,"column":4},"end":{"line":14,"column":6}},"1":{"start":{"line":18,"column":0},"end":{"line":23,"column":1}}},"fnMap":{"0":{"name":"(anonymous_0)","decl":{"start":{"line":5,"column":2},"end":{"line":5,"column":3}},"loc":{"start":{"line":5,"column":11},"end":{"line":15,"column":3}},"line":5}},"branchMap":{},"s":{"0":4,"1":2},"f":{"0":4},"b":{},"_coverageSchema":"332fd63041d2c1bcb487cc26dd0d5f7d97098a6c","hash":"cc2435662b4b3c86bb978629eb6b7a490df35803"}
}
