TN:
SF:/Users/suhailansari/Workspace/NodeJS/afs/frontend/src/index.js
FN:5,_interopRequireDefault
FNF:1
FNH:0
FNDA:0,_interopRequireDefault
DA:1,0
DA:2,0
DA:3,0
DA:5,0
DA:7,0
LF:5
LH:0
BRDA:5,0,0,0
BRDA:5,0,1,0
BRDA:5,1,0,0
BRDA:5,1,1,0
BRF:4
BRH:0
end_of_record
TN:
SF:/Users/suhailansari/Workspace/NodeJS/afs/frontend/src/App/index.js
FN:7,(anonymous_0)
FN:29,(anonymous_1)
FN:31,(anonymous_2)
FN:36,(anonymous_3)
FN:46,(anonymous_4)
FN:53,(anonymous_5)
FN:60,(anonymous_6)
FN:66,(anonymous_7)
FNF:8
FNH:7
FNDA:1,(anonymous_0)
FNDA:1,(anonymous_1)
FNDA:1,(anonymous_2)
FNDA:0,(anonymous_3)
FNDA:1,(anonymous_4)
FNDA:1,(anonymous_5)
FNDA:2,(anonymous_6)
FNDA:3,(anonymous_7)
DA:8,1
DA:10,1
DA:17,1
DA:21,1
DA:22,1
DA:23,1
DA:24,1
DA:26,1
DA:30,1
DA:31,1
DA:37,0
DA:47,1
DA:54,1
DA:61,2
DA:62,2
DA:67,3
LF:16
LH:15
BRDA:61,0,0,2
BRDA:61,0,1,0
BRDA:61,1,0,2
BRDA:61,1,1,2
BRF:4
BRH:3
end_of_record
TN:
SF:/Users/suhailansari/Workspace/NodeJS/afs/frontend/src/MessageInput/index.js
FN:5,(anonymous_0)
FNF:1
FNH:1
FNDA:4,(anonymous_0)
DA:6,4
DA:18,2
LF:2
LH:2
BRF:0
BRH:0
end_of_record
